Build started 2015/3/31 星期二 16:59:06 >_<|.
     1>Project "D:\GitHub\LeetCode-cpp\LeetCode\LeetCode.vcxproj" on node 2 (Build target(s)).
     1>ClCompile:
         C:\Program Files (x86)\Microsoft Visual Studio 12.0\VC\bin\CL.exe /c /ZI /nologo /W3 /WX- /Od /Oy- /D WIN32 /D _DEBUG /D _CONSOLE /D _LIB /D _UNICODE /D UNICODE /Gm /EHsc /RTC1 /MDd /GS /fp:precise /Zc:wchar_t /Zc:forScope /Fo"Debug\\" /Fd"Debug\vc120.pdb" /Gd /TP /analyze- /errorReport:prompt "..\Source\p1 Two Sum.cpp" "..\Source\p10 Regular Expression Matching.cpp" "..\Source\p11 Container With Most Water.cpp" "..\Source\p12 Integer to Roman.cpp" "..\Source\p13 Roman to Integer.cpp" "..\Source\p136 Single Number.cpp" "..\Source\p14 Longest Common Prefix.cpp" "..\Source\p2 Add Two Numbers.cpp" "..\Source\p3 Longest Substring Without Repeating Characters.cpp" "..\Source\p4 Median of Two Sorted Arrays.cpp" "..\Source\p5 Longest Palindromic Substring.cpp" "..\Source\p6 ZigZag Conversion.cpp" "..\Source\p7 Reverse Integer.cpp" "..\Source\p8 String to Integer (atoi).cpp" "..\Source\p9 Palindrome Number.cpp" ..\Source\test.cpp "p15 3Sum.cpp" "p16 3Sum Closest.cpp" "p17 Letter Combinations of a Phone Number.cpp" "p18 4Sum.cpp"
         p18 4Sum.cpp
     1>d:\github\leetcode-cpp\leetcode\p18 4sum.cpp(31): warning C4018: '<' : signed/unsigned mismatch
     1>d:\github\leetcode-cpp\leetcode\p18 4sum.cpp(33): warning C4018: '<' : signed/unsigned mismatch
     1>d:\github\leetcode-cpp\leetcode\p18 4sum.cpp(64): warning C4018: '<' : signed/unsigned mismatch
     1>d:\github\leetcode-cpp\leetcode\p18 4sum.cpp(65): warning C4018: '<' : signed/unsigned mismatch
         p17 Letter Combinations of a Phone Number.cpp
     1>d:\github\leetcode-cpp\leetcode\p17 letter combinations of a phone number.cpp(41): warning C4018: '<' : signed/unsigned mismatch
         p16 3Sum Closest.cpp
     1>d:\github\leetcode-cpp\leetcode\p16 3sum closest.cpp(19): warning C4018: '<' : signed/unsigned mismatch
         p15 3Sum.cpp
     1>d:\github\leetcode-cpp\leetcode\p15 3sum.cpp(26): warning C4018: '<' : signed/unsigned mismatch
         test.cpp
     1>d:\github\leetcode-cpp\source\test.cpp(147): warning C4101: 'objOut' : unreferenced local variable
         p9 Palindrome Number.cpp
         p8 String to Integer (atoi).cpp
     1>d:\github\leetcode-cpp\source\p8 string to integer (atoi).cpp(28): warning C4018: '<' : signed/unsigned mismatch
         p7 Reverse Integer.cpp
     1>d:\github\leetcode-cpp\source\p7 reverse integer.cpp(26): warning C4244: 'return' : conversion from '__int64' to 'int', possible loss of data
         p6 ZigZag Conversion.cpp
     1>d:\github\leetcode-cpp\source\p6 zigzag conversion.cpp(26): warning C4018: '<' : signed/unsigned mismatch
         p5 Longest Palindromic Substring.cpp
     1>d:\github\leetcode-cpp\source\p5 longest palindromic substring.cpp(20): warning C4018: '<' : signed/unsigned mismatch
         p4 Median of Two Sorted Arrays.cpp
         p3 Longest Substring Without Repeating Characters.cpp
     1>d:\github\leetcode-cpp\source\p3 longest substring without repeating characters.cpp(47): warning C4018: '>' : signed/unsigned mismatch
     1>d:\github\leetcode-cpp\source\p3 longest substring without repeating characters.cpp(67): warning C4018: '>' : signed/unsigned mismatch
         p2 Add Two Numbers.cpp
         p14 Longest Common Prefix.cpp
     1>d:\github\leetcode-cpp\source\p14 longest common prefix.cpp(13): warning C4018: '<' : signed/unsigned mismatch
     1>d:\github\leetcode-cpp\source\p14 longest common prefix.cpp(15): warning C4018: '<' : signed/unsigned mismatch
     1>d:\github\leetcode-cpp\source\p14 longest common prefix.cpp(16): warning C4018: '>=' : signed/unsigned mismatch
         p136 Single Number.cpp
         p13 Roman to Integer.cpp
     1>d:\github\leetcode-cpp\source\p13 roman to integer.cpp(16): warning C4018: '<' : signed/unsigned mismatch
         p12 Integer to Roman.cpp
         p11 Container With Most Water.cpp
         p10 Regular Expression Matching.cpp
     1>d:\github\leetcode-cpp\source\p10 regular expression matching.cpp(71): warning C4800: 'int' : forcing value to bool 'true' or 'false' (performance warning)
         p1 Two Sum.cpp
         Generating Code...
     1>d:\github\leetcode-cpp\source\test.cpp(129): error C4716: 'main3' : must return a value
     1>d:\github\leetcode-cpp\source\test.cpp(154): error C4716: 'main1' : must return a value
     1>d:\github\leetcode-cpp\source\test.cpp(143): error C4716: 'main2' : must return a value
     1>d:\github\leetcode-cpp\source\test.cpp(122): error C4716: 'main4' : must return a value
     1>Done Building Project "D:\GitHub\LeetCode-cpp\LeetCode\LeetCode.vcxproj" (Build target(s)) -- FAILED.

Build FAILED.

Time Elapsed 00:00:06.66
