f:\github\leetcode-cpp\leetcode\debug\vc140.pdb
f:\github\leetcode-cpp\leetcode\debug\vc140.idb
f:\github\leetcode-cpp\leetcode\debug\p008 string to integer (atoi).obj
f:\github\leetcode-cpp\leetcode\debug\p009 palindrome number.obj
f:\github\leetcode-cpp\leetcode\debug\p023 merge k sorted lists.obj
f:\github\leetcode-cpp\leetcode\debug\p042 trapping rain water.obj
f:\github\leetcode-cpp\leetcode\debug\p056 merge intervals.obj
f:\github\leetcode-cpp\leetcode\debug\p169 majority element.obj
f:\github\leetcode-cpp\leetcode\debug\p191 number of 1 bits.obj
f:\github\leetcode-cpp\leetcode\debug\p202 happy number.obj
f:\github\leetcode-cpp\leetcode\debug\p206 reverse linked list.obj
f:\github\leetcode-cpp\leetcode\debug\p223 rectangle area.obj
f:\github\leetcode-cpp\leetcode\debug\p231 power of two.obj
f:\github\leetcode-cpp\leetcode\debug\p235 lowest common ancestor of a binary search tree.obj
f:\github\leetcode-cpp\leetcode\debug\p236 lowest common ancestor of a binary tree.obj
f:\github\leetcode-cpp\leetcode\debug\p238 product of array except self.obj
f:\github\leetcode-cpp\leetcode\debug\p239 sliding window maximum.obj
f:\github\leetcode-cpp\leetcode\debug\p263 ugly number.obj
f:\github\leetcode-cpp\leetcode\debug\p264 ugly number ii.obj
f:\github\leetcode-cpp\leetcode\debug\p275 h-index ii.obj
f:\github\leetcode-cpp\leetcode\debug\p289 game of life.obj
f:\github\leetcode-cpp\leetcode\debug\p122 best time to buy and sell stock ii.obj
f:\github\leetcode-cpp\leetcode\debug\p123 best time to buy and sell stock iii.obj
f:\github\leetcode-cpp\leetcode\debug\p124 binary tree maximum path sum.obj
f:\github\leetcode-cpp\leetcode\debug\p125 valid palindrome.obj
f:\github\leetcode-cpp\leetcode\debug\p126 word ladder ii.obj
f:\github\leetcode-cpp\leetcode\debug\p127 word ladder.obj
f:\github\leetcode-cpp\leetcode\debug\p128 longest consecutive sequence.obj
f:\github\leetcode-cpp\leetcode\debug\p129 sum root to leaf numbers.obj
f:\github\leetcode-cpp\leetcode\debug\p130 surrounded regions.obj
f:\github\leetcode-cpp\leetcode\debug\p136 single number.obj
f:\github\leetcode-cpp\leetcode\debug\p014 longest common prefix.obj
f:\github\leetcode-cpp\leetcode\debug\p019 remove nth node from end of list.obj
f:\github\leetcode-cpp\leetcode\debug\p002 add two numbers.obj
f:\github\leetcode-cpp\leetcode\debug\p020 valid parentheses.obj
f:\github\leetcode-cpp\leetcode\debug\p021 merge two sorted lists.obj
f:\github\leetcode-cpp\leetcode\debug\p003 longest substring without repeating characters.obj
f:\github\leetcode-cpp\leetcode\debug\p004 median of two sorted arrays.obj
f:\github\leetcode-cpp\leetcode\debug\p005 longest palindromic substring.obj
f:\github\leetcode-cpp\leetcode\debug\p006 zigzag conversion.obj
f:\github\leetcode-cpp\leetcode\debug\p007 reverse integer.obj
f:\github\leetcode-cpp\leetcode\debug\p099 recover binary search tree.obj
f:\github\leetcode-cpp\leetcode\debug\p100 same tree.obj
f:\github\leetcode-cpp\leetcode\debug\p101 symmetric tree.obj
f:\github\leetcode-cpp\leetcode\debug\p102 binary tree level order traversal.obj
f:\github\leetcode-cpp\leetcode\debug\p103 binary tree zigzag level order traversal.obj
f:\github\leetcode-cpp\leetcode\debug\p104 maximum depth of binary tree.obj
f:\github\leetcode-cpp\leetcode\debug\p105 construct binary tree from preorder and inorder traversal.obj
f:\github\leetcode-cpp\leetcode\debug\p106 construct binary tree from inorder and postorder traversal.obj
f:\github\leetcode-cpp\leetcode\debug\p107 binary tree level order traversal ii.obj
f:\github\leetcode-cpp\leetcode\debug\p108 convert sorted array to binary search tree.obj
f:\github\leetcode-cpp\leetcode\debug\p109 convert sorted list to binary search tree.obj
f:\github\leetcode-cpp\leetcode\debug\p110 balanced binary tree.obj
f:\github\leetcode-cpp\leetcode\debug\p111 minimum depth of binary tree.obj
f:\github\leetcode-cpp\leetcode\debug\p112 path sum.obj
f:\github\leetcode-cpp\leetcode\debug\p113 path sum ii.obj
f:\github\leetcode-cpp\leetcode\debug\p114 flatten binary tree to linked list.obj
f:\github\leetcode-cpp\leetcode\debug\p115 distinct subsequences.obj
f:\github\leetcode-cpp\leetcode\debug\p116 populating next right pointers in each node.obj
f:\github\leetcode-cpp\leetcode\debug\p117 populating next right pointers in each node ii.obj
f:\github\leetcode-cpp\leetcode\debug\p121 best time to buy and sell stock.obj
f:\github\leetcode-cpp\leetcode\debug\p079 word search.obj
f:\github\leetcode-cpp\leetcode\debug\p080 remove duplicates from sorted array ii.obj
f:\github\leetcode-cpp\leetcode\debug\p081 search in rotated sorted array ii.obj
f:\github\leetcode-cpp\leetcode\debug\p082 remove duplicates from sorted list ii.obj
f:\github\leetcode-cpp\leetcode\debug\p083 remove duplicates from sorted list.obj
f:\github\leetcode-cpp\leetcode\debug\p084 largest rectangle in histogram.obj
f:\github\leetcode-cpp\leetcode\debug\p085 maximal rectangle.obj
f:\github\leetcode-cpp\leetcode\debug\p086 partition list.obj
f:\github\leetcode-cpp\leetcode\debug\p087 scramble string.obj
f:\github\leetcode-cpp\leetcode\debug\p088 merge sorted array.obj
f:\github\leetcode-cpp\leetcode\debug\p089 gray code.obj
f:\github\leetcode-cpp\leetcode\debug\p090 subsets ii.obj
f:\github\leetcode-cpp\leetcode\debug\p091 decode ways.obj
f:\github\leetcode-cpp\leetcode\debug\p092 reverse linked list ii.obj
f:\github\leetcode-cpp\leetcode\debug\p093 restore ip addresses.obj
f:\github\leetcode-cpp\leetcode\debug\p094 binary tree inorder traversal.obj
f:\github\leetcode-cpp\leetcode\debug\p095 unique binary search trees ii.obj
f:\github\leetcode-cpp\leetcode\debug\p096 unique binary search trees.obj
f:\github\leetcode-cpp\leetcode\debug\p097 interleaving string.obj
f:\github\leetcode-cpp\leetcode\debug\p098 validate binary search tree.obj
f:\github\leetcode-cpp\leetcode\debug\p059 spiral matrix ii.obj
f:\github\leetcode-cpp\leetcode\debug\p060 permutation sequence.obj
f:\github\leetcode-cpp\leetcode\debug\p061 rotate list.obj
f:\github\leetcode-cpp\leetcode\debug\p062 unique paths.obj
f:\github\leetcode-cpp\leetcode\debug\p063 unique paths ii.obj
f:\github\leetcode-cpp\leetcode\debug\p064 minimum path sum.obj
f:\github\leetcode-cpp\leetcode\debug\p065 valid number.obj
f:\github\leetcode-cpp\leetcode\debug\p066 plus one.obj
f:\github\leetcode-cpp\leetcode\debug\p067 add binary.obj
f:\github\leetcode-cpp\leetcode\debug\p068 text justification.obj
f:\github\leetcode-cpp\leetcode\debug\p069 sqrt(x).obj
f:\github\leetcode-cpp\leetcode\debug\p070 climbing stairs.obj
f:\github\leetcode-cpp\leetcode\debug\p071 simplify path.obj
f:\github\leetcode-cpp\leetcode\debug\p072 edit distance.obj
f:\github\leetcode-cpp\leetcode\debug\p073 set matrix zeroes.obj
f:\github\leetcode-cpp\leetcode\debug\p074 search a 2d matrix.obj
f:\github\leetcode-cpp\leetcode\debug\p075 sort colors.obj
f:\github\leetcode-cpp\leetcode\debug\p076 minimum window substring.obj
f:\github\leetcode-cpp\leetcode\debug\p077 combinations.obj
f:\github\leetcode-cpp\leetcode\debug\p078 subsets.obj
f:\github\leetcode-cpp\leetcode\debug\p037 sudoku solver.obj
f:\github\leetcode-cpp\leetcode\debug\p038 count and say.obj
f:\github\leetcode-cpp\leetcode\debug\p039 combination sum.obj
f:\github\leetcode-cpp\leetcode\debug\p040 combination sum ii.obj
f:\github\leetcode-cpp\leetcode\debug\p041 first missing positive.obj
f:\github\leetcode-cpp\leetcode\debug\p043 multiply strings.obj
f:\github\leetcode-cpp\leetcode\debug\p044 wildcard matching.obj
f:\github\leetcode-cpp\leetcode\debug\p045 jump game ii.obj
f:\github\leetcode-cpp\leetcode\debug\p046 permutations.obj
f:\github\leetcode-cpp\leetcode\debug\p047 permutations.obj
f:\github\leetcode-cpp\leetcode\debug\p048 rotate image.obj
f:\github\leetcode-cpp\leetcode\debug\p049 anagrams.obj
f:\github\leetcode-cpp\leetcode\debug\p050 pow(x, n).obj
f:\github\leetcode-cpp\leetcode\debug\p051 n-queens.obj
f:\github\leetcode-cpp\leetcode\debug\p052 n-queens ii.obj
f:\github\leetcode-cpp\leetcode\debug\p053 maximum subarray.obj
f:\github\leetcode-cpp\leetcode\debug\p054 spiral matrix.obj
f:\github\leetcode-cpp\leetcode\debug\p055 jump game.obj
f:\github\leetcode-cpp\leetcode\debug\p057 insert interval.obj
f:\github\leetcode-cpp\leetcode\debug\p058 length of last word.obj
f:\github\leetcode-cpp\leetcode\debug\p012 integer to roman.obj
f:\github\leetcode-cpp\leetcode\debug\p013 roman to integer.obj
f:\github\leetcode-cpp\leetcode\debug\p015 3sum.obj
f:\github\leetcode-cpp\leetcode\debug\p016 3sum closest.obj
f:\github\leetcode-cpp\leetcode\debug\p017 letter combinations of a phone number.obj
f:\github\leetcode-cpp\leetcode\debug\p018 4sum.obj
f:\github\leetcode-cpp\leetcode\debug\p022 generate parentheses.obj
f:\github\leetcode-cpp\leetcode\debug\p024 swap nodes in pairs.obj
f:\github\leetcode-cpp\leetcode\debug\p025 reverse nodes in k-group.obj
f:\github\leetcode-cpp\leetcode\debug\p026 remove duplicates from sorted array.obj
f:\github\leetcode-cpp\leetcode\debug\p027 remove element.obj
f:\github\leetcode-cpp\leetcode\debug\p028 implement strstr().obj
f:\github\leetcode-cpp\leetcode\debug\p029 divide two integers.obj
f:\github\leetcode-cpp\leetcode\debug\p030 substring with concatenation of all words.obj
f:\github\leetcode-cpp\leetcode\debug\p031 next permutation.obj
f:\github\leetcode-cpp\leetcode\debug\p032 longest valid parentheses.obj
f:\github\leetcode-cpp\leetcode\debug\p033 search in rotated sorted array.obj
f:\github\leetcode-cpp\leetcode\debug\p034 search for a range.obj
f:\github\leetcode-cpp\leetcode\debug\p035 search insert position.obj
f:\github\leetcode-cpp\leetcode\debug\p036 valid sudoku.obj
f:\github\leetcode-cpp\leetcode\debug\ali1.obj
f:\github\leetcode-cpp\leetcode\debug\leetcode.obj
f:\github\leetcode-cpp\leetcode\debug\p179 largest number.obj
f:\github\leetcode-cpp\leetcode\debug\p190 reverse bits.obj
f:\github\leetcode-cpp\leetcode\debug\p118 pascal's triangle.obj
f:\github\leetcode-cpp\leetcode\debug\p119 pascal's triangle ii.obj
f:\github\leetcode-cpp\leetcode\debug\p120 triangle.obj
f:\github\leetcode-cpp\leetcode\debug\p001 two sum.obj
f:\github\leetcode-cpp\leetcode\debug\p010 regular expression matching.obj
f:\github\leetcode-cpp\leetcode\debug\p011 container with most water.obj
f:\github\leetcode-cpp\leetcode\debug\test.obj
f:\github\leetcode-cpp\debug\leetcode.ilk
f:\github\leetcode-cpp\debug\leetcode.exe
f:\github\leetcode-cpp\debug\leetcode.pdb
f:\github\leetcode-cpp\leetcode\debug\leetcode.tlog\cl.command.1.tlog
f:\github\leetcode-cpp\leetcode\debug\leetcode.tlog\cl.read.1.tlog
f:\github\leetcode-cpp\leetcode\debug\leetcode.tlog\cl.write.1.tlog
f:\github\leetcode-cpp\leetcode\debug\leetcode.tlog\link.command.1.tlog
f:\github\leetcode-cpp\leetcode\debug\leetcode.tlog\link.read.1.tlog
f:\github\leetcode-cpp\leetcode\debug\leetcode.tlog\link.write.1.tlog
