Build started 2015/9/25 星期五 0:23:53 >_<|.
     1>Project "F:\GitHub\LeetCode-cpp\LeetCode\LeetCode.vcxproj" on node 2 (ClCompile target(s)).
     1>ClCompile:
         C:\Program Files (x86)\Microsoft Visual Studio 14.0\VC\bin\CL.exe /c /Zi /nologo /W3 /WX- /O2 /Oi /Oy- /GL /D WIN32 /D NDEBUG /D _CONSOLE /D _LIB /D _UNICODE /D UNICODE /Gm- /EHsc /MD /GS /Gy /fp:precise /Zc:wchar_t /Zc:forScope /Zc:inline /Fo"Release\\" /Fd"Release\vc140.pdb" /Gd /TP /analyze- /errorReport:prompt "..\Source\p126 Word Ladder II.cpp"
         p126 Word Ladder II.cpp
     1>..\Source\p126 Word Ladder II.cpp(49): warning C4018: '<': signed/unsigned mismatch
     1>C:\Program Files (x86)\Microsoft Visual Studio 14.0\VC\include\algorithm(1999): error C2675: unary '++': 'std::vector<std::string,std::allocator<_Ty>>' does not define this operator or a conversion to a type acceptable to the predefined operator
                 with
                 [
                     _Ty=std::string
                 ]
         C:\Program Files (x86)\Microsoft Visual Studio 14.0\VC\include\algorithm(2011): note: see reference to function template instantiation '_OutIt std::_Reverse_copy<std::basic_string<char,std::char_traits<char>,std::allocator<char>>*,_OutIt>(_BidIt,_BidIt,_OutIt)' being compiled
                 with
                 [
                     _OutIt=std::vector<std::string,std::allocator<std::string>>,
                     _BidIt=std::basic_string<char,std::char_traits<char>,std::allocator<char>> *
                 ]
         ..\Source\p126 Word Ladder II.cpp(79): note: see reference to function template instantiation '_OutIt std::reverse_copy<std::_Vector_iterator<std::_Vector_val<std::_Simple_types<_Ty>>>,std::vector<_Ty,std::allocator<_Ty>>>(_BidIt,_BidIt,_OutIt)' being compiled
                 with
                 [
                     _OutIt=std::vector<std::string,std::allocator<std::string>>,
                     _Ty=std::basic_string<char,std::char_traits<char>,std::allocator<char>>,
                     _BidIt=std::_Vector_iterator<std::_Vector_val<std::_Simple_types<std::basic_string<char,std::char_traits<char>,std::allocator<char>>>>>
                 ]
     1>C:\Program Files (x86)\Microsoft Visual Studio 14.0\VC\include\algorithm(2000): error C2100: illegal indirection
     1>Done Building Project "F:\GitHub\LeetCode-cpp\LeetCode\LeetCode.vcxproj" (ClCompile target(s)) -- FAILED.

Build FAILED.

Time Elapsed 00:00:01.17
