d:\github\leetcode-cpp\leetcode\release\vc120.pdb
d:\github\leetcode-cpp\leetcode\release\p040 combination sum ii.obj
d:\github\leetcode-cpp\leetcode\release\p039 combination sum.obj
d:\github\leetcode-cpp\leetcode\release\p038 count and say.obj
d:\github\leetcode-cpp\leetcode\release\p037 sudoku solver.obj
d:\github\leetcode-cpp\leetcode\release\p036 valid sudoku.obj
d:\github\leetcode-cpp\leetcode\release\p035 search insert position.obj
d:\github\leetcode-cpp\leetcode\release\p034 search for a range.obj
d:\github\leetcode-cpp\leetcode\release\p033 search in rotated sorted array.obj
d:\github\leetcode-cpp\leetcode\release\p032 longest valid parentheses.obj
d:\github\leetcode-cpp\leetcode\release\p031 next permutation.obj
d:\github\leetcode-cpp\leetcode\release\p030 substring with concatenation of all words.obj
d:\github\leetcode-cpp\leetcode\release\p029 divide two integers.obj
d:\github\leetcode-cpp\leetcode\release\p028 implement strstr().obj
d:\github\leetcode-cpp\leetcode\release\p027 remove element.obj
d:\github\leetcode-cpp\leetcode\release\p026 remove duplicates from sorted array.obj
d:\github\leetcode-cpp\leetcode\release\p025 reverse nodes in k-group.obj
d:\github\leetcode-cpp\leetcode\release\p024 swap nodes in pairs.obj
d:\github\leetcode-cpp\leetcode\release\p022 generate parentheses.obj
d:\github\leetcode-cpp\leetcode\release\leetcode.obj
d:\github\leetcode-cpp\leetcode\release\ali1.obj
d:\github\leetcode-cpp\leetcode\release\p062 unique paths.obj
d:\github\leetcode-cpp\leetcode\release\p061 rotate list.obj
d:\github\leetcode-cpp\leetcode\release\p060 permutation sequence.obj
d:\github\leetcode-cpp\leetcode\release\p059 spiral matrix ii.obj
d:\github\leetcode-cpp\leetcode\release\p058 length of last word.obj
d:\github\leetcode-cpp\leetcode\release\p057 insert interval.obj
d:\github\leetcode-cpp\leetcode\release\p055 jump game.obj
d:\github\leetcode-cpp\leetcode\release\p054 spiral matrix.obj
d:\github\leetcode-cpp\leetcode\release\p053 maximum subarray.obj
d:\github\leetcode-cpp\leetcode\release\p052 n-queens ii.obj
d:\github\leetcode-cpp\leetcode\release\p051 n-queens.obj
d:\github\leetcode-cpp\leetcode\release\p050 pow(x, n).obj
d:\github\leetcode-cpp\leetcode\release\p049 anagrams.obj
d:\github\leetcode-cpp\leetcode\release\p048 rotate image.obj
d:\github\leetcode-cpp\leetcode\release\p047 permutations.obj
d:\github\leetcode-cpp\leetcode\release\p046 permutations.obj
d:\github\leetcode-cpp\leetcode\release\p045 jump game ii.obj
d:\github\leetcode-cpp\leetcode\release\p044 wildcard matching.obj
d:\github\leetcode-cpp\leetcode\release\p043 multiply strings.obj
d:\github\leetcode-cpp\leetcode\release\p041 first missing positive.obj
d:\github\leetcode-cpp\leetcode\release\p082 remove duplicates from sorted list ii.obj
d:\github\leetcode-cpp\leetcode\release\p081 search in rotated sorted array ii.obj
d:\github\leetcode-cpp\leetcode\release\p080 remove duplicates from sorted array ii.obj
d:\github\leetcode-cpp\leetcode\release\p079 word search.obj
d:\github\leetcode-cpp\leetcode\release\p078 subsets.obj
d:\github\leetcode-cpp\leetcode\release\p077 combinations.obj
d:\github\leetcode-cpp\leetcode\release\p076 minimum window substring.obj
d:\github\leetcode-cpp\leetcode\release\p075 sort colors.obj
d:\github\leetcode-cpp\leetcode\release\p074 search a 2d matrix.obj
d:\github\leetcode-cpp\leetcode\release\p073 set matrix zeroes.obj
d:\github\leetcode-cpp\leetcode\release\p072 edit distance.obj
d:\github\leetcode-cpp\leetcode\release\p071 simplify path.obj
d:\github\leetcode-cpp\leetcode\release\p070 climbing stairs.obj
d:\github\leetcode-cpp\leetcode\release\p069 sqrt(x).obj
d:\github\leetcode-cpp\leetcode\release\p068 text justification.obj
d:\github\leetcode-cpp\leetcode\release\p067 add binary.obj
d:\github\leetcode-cpp\leetcode\release\p066 plus one.obj
d:\github\leetcode-cpp\leetcode\release\p065 valid number.obj
d:\github\leetcode-cpp\leetcode\release\p064 minimum path sum.obj
d:\github\leetcode-cpp\leetcode\release\p063 unique paths ii.obj
d:\github\leetcode-cpp\leetcode\release\test.obj
d:\github\leetcode-cpp\leetcode\release\p056 merge intervals.obj
d:\github\leetcode-cpp\leetcode\release\p042 trapping rain water.obj
d:\github\leetcode-cpp\leetcode\release\p023 merge k sorted lists.obj
d:\github\leetcode-cpp\leetcode\release\p021 merge two sorted lists.obj
d:\github\leetcode-cpp\leetcode\release\p020 valid parentheses.obj
d:\github\leetcode-cpp\leetcode\release\p019 remove nth node from end of list.obj
d:\github\leetcode-cpp\leetcode\release\p093 restore ip addresses.obj
d:\github\leetcode-cpp\leetcode\release\p092 reverse linked list ii.obj
d:\github\leetcode-cpp\leetcode\release\p091 decode ways.obj
d:\github\leetcode-cpp\leetcode\release\p090 subsets ii.obj
d:\github\leetcode-cpp\leetcode\release\p089 gray code.obj
d:\github\leetcode-cpp\leetcode\release\p088 merge sorted array.obj
d:\github\leetcode-cpp\leetcode\release\p087 scramble string.obj
d:\github\leetcode-cpp\leetcode\release\p086 partition list.obj
d:\github\leetcode-cpp\leetcode\release\p085 maximal rectangle.obj
d:\github\leetcode-cpp\leetcode\release\p084 largest rectangle in histogram.obj
d:\github\leetcode-cpp\leetcode\release\p083 remove duplicates from sorted list.obj
d:\github\leetcode-cpp\leetcode\release\p096 unique binary search trees.obj
d:\github\leetcode-cpp\leetcode\release\p094 binary tree inorder traversal.obj
d:\github\leetcode-cpp\leetcode\release\p095 unique binary search trees ii.obj
d:\github\leetcode-cpp\leetcode\release\p098 validate binary search tree.obj
d:\github\leetcode-cpp\leetcode\release\p097 interleaving string.obj
d:\github\leetcode-cpp\leetcode\release\p099 recover binary search tree.obj
d:\github\leetcode-cpp\leetcode\release\p103 binary tree zigzag level order traversal.obj
d:\github\leetcode-cpp\leetcode\release\p102 binary tree level order traversal.obj
d:\github\leetcode-cpp\leetcode\release\p101 symmetric tree.obj
d:\github\leetcode-cpp\leetcode\release\p100 same tree.obj
d:\github\leetcode-cpp\leetcode\release\p115 distinct subsequences.obj
d:\github\leetcode-cpp\leetcode\release\p114 flatten binary tree to linked list.obj
d:\github\leetcode-cpp\leetcode\release\p113 path sum ii.obj
d:\github\leetcode-cpp\leetcode\release\p112 path sum.obj
d:\github\leetcode-cpp\leetcode\release\p111 minimum depth of binary tree.obj
d:\github\leetcode-cpp\leetcode\release\p110 balanced binary tree.obj
d:\github\leetcode-cpp\leetcode\release\p109 convert sorted list to binary search tree.obj
d:\github\leetcode-cpp\leetcode\release\p108 convert sorted array to binary search tree.obj
d:\github\leetcode-cpp\leetcode\release\p107 binary tree level order traversal ii.obj
d:\github\leetcode-cpp\leetcode\release\p106 construct binary tree from inorder and postorder traversal.obj
d:\github\leetcode-cpp\leetcode\release\p105 construct binary tree from preorder and inorder traversal.obj
d:\github\leetcode-cpp\leetcode\release\p104 maximum depth of binary tree.obj
d:\github\leetcode-cpp\leetcode\release\p117 populating next right pointers in each node ii.obj
d:\github\leetcode-cpp\leetcode\release\p116 populating next right pointers in each node.obj
f:\github\leetcode-cpp\leetcode\release\vc140.pdb
f:\github\leetcode-cpp\leetcode\release\p275 h-index ii.obj
f:\github\leetcode-cpp\leetcode\release\p026 remove duplicates from sorted array.obj
f:\github\leetcode-cpp\leetcode\release\p025 reverse nodes in k-group.obj
f:\github\leetcode-cpp\leetcode\release\p024 swap nodes in pairs.obj
f:\github\leetcode-cpp\leetcode\release\p022 generate parentheses.obj
f:\github\leetcode-cpp\leetcode\release\p018 4sum.obj
f:\github\leetcode-cpp\leetcode\release\p017 letter combinations of a phone number.obj
f:\github\leetcode-cpp\leetcode\release\p016 3sum closest.obj
f:\github\leetcode-cpp\leetcode\release\p015 3sum.obj
f:\github\leetcode-cpp\leetcode\release\p013 roman to integer.obj
f:\github\leetcode-cpp\leetcode\release\p012 integer to roman.obj
f:\github\leetcode-cpp\leetcode\release\p011 container with most water.obj
f:\github\leetcode-cpp\leetcode\release\p010 regular expression matching.obj
f:\github\leetcode-cpp\leetcode\release\p001 two sum.obj
f:\github\leetcode-cpp\leetcode\release\p120 triangle.obj
f:\github\leetcode-cpp\leetcode\release\p119 pascal's triangle ii.obj
f:\github\leetcode-cpp\leetcode\release\p118 pascal's triangle.obj
f:\github\leetcode-cpp\leetcode\release\p190 reverse bits.obj
f:\github\leetcode-cpp\leetcode\release\p179 largest number.obj
f:\github\leetcode-cpp\leetcode\release\leetcode.obj
f:\github\leetcode-cpp\leetcode\release\ali1.obj
f:\github\leetcode-cpp\leetcode\release\p047 permutations.obj
f:\github\leetcode-cpp\leetcode\release\p046 permutations.obj
f:\github\leetcode-cpp\leetcode\release\p045 jump game ii.obj
f:\github\leetcode-cpp\leetcode\release\p044 wildcard matching.obj
f:\github\leetcode-cpp\leetcode\release\p043 multiply strings.obj
f:\github\leetcode-cpp\leetcode\release\p041 first missing positive.obj
f:\github\leetcode-cpp\leetcode\release\p040 combination sum ii.obj
f:\github\leetcode-cpp\leetcode\release\p039 combination sum.obj
f:\github\leetcode-cpp\leetcode\release\p038 count and say.obj
f:\github\leetcode-cpp\leetcode\release\p037 sudoku solver.obj
f:\github\leetcode-cpp\leetcode\release\p036 valid sudoku.obj
f:\github\leetcode-cpp\leetcode\release\p035 search insert position.obj
f:\github\leetcode-cpp\leetcode\release\p034 search for a range.obj
f:\github\leetcode-cpp\leetcode\release\p033 search in rotated sorted array.obj
f:\github\leetcode-cpp\leetcode\release\p032 longest valid parentheses.obj
f:\github\leetcode-cpp\leetcode\release\p031 next permutation.obj
f:\github\leetcode-cpp\leetcode\release\p030 substring with concatenation of all words.obj
f:\github\leetcode-cpp\leetcode\release\p029 divide two integers.obj
f:\github\leetcode-cpp\leetcode\release\p028 implement strstr().obj
f:\github\leetcode-cpp\leetcode\release\p027 remove element.obj
f:\github\leetcode-cpp\leetcode\release\p068 text justification.obj
f:\github\leetcode-cpp\leetcode\release\p067 add binary.obj
f:\github\leetcode-cpp\leetcode\release\p066 plus one.obj
f:\github\leetcode-cpp\leetcode\release\p065 valid number.obj
f:\github\leetcode-cpp\leetcode\release\p064 minimum path sum.obj
f:\github\leetcode-cpp\leetcode\release\p063 unique paths ii.obj
f:\github\leetcode-cpp\leetcode\release\p062 unique paths.obj
f:\github\leetcode-cpp\leetcode\release\p061 rotate list.obj
f:\github\leetcode-cpp\leetcode\release\p060 permutation sequence.obj
f:\github\leetcode-cpp\leetcode\release\p059 spiral matrix ii.obj
f:\github\leetcode-cpp\leetcode\release\p058 length of last word.obj
f:\github\leetcode-cpp\leetcode\release\p057 insert interval.obj
f:\github\leetcode-cpp\leetcode\release\p055 jump game.obj
f:\github\leetcode-cpp\leetcode\release\p054 spiral matrix.obj
f:\github\leetcode-cpp\leetcode\release\p053 maximum subarray.obj
f:\github\leetcode-cpp\leetcode\release\p052 n-queens ii.obj
f:\github\leetcode-cpp\leetcode\release\p051 n-queens.obj
f:\github\leetcode-cpp\leetcode\release\p050 pow(x, n).obj
f:\github\leetcode-cpp\leetcode\release\p049 anagrams.obj
f:\github\leetcode-cpp\leetcode\release\p048 rotate image.obj
f:\github\leetcode-cpp\leetcode\release\p088 merge sorted array.obj
f:\github\leetcode-cpp\leetcode\release\p087 scramble string.obj
f:\github\leetcode-cpp\leetcode\release\p086 partition list.obj
f:\github\leetcode-cpp\leetcode\release\p085 maximal rectangle.obj
f:\github\leetcode-cpp\leetcode\release\p084 largest rectangle in histogram.obj
f:\github\leetcode-cpp\leetcode\release\p083 remove duplicates from sorted list.obj
f:\github\leetcode-cpp\leetcode\release\p082 remove duplicates from sorted list ii.obj
f:\github\leetcode-cpp\leetcode\release\p081 search in rotated sorted array ii.obj
f:\github\leetcode-cpp\leetcode\release\p080 remove duplicates from sorted array ii.obj
f:\github\leetcode-cpp\leetcode\release\p079 word search.obj
f:\github\leetcode-cpp\leetcode\release\p078 subsets.obj
f:\github\leetcode-cpp\leetcode\release\p077 combinations.obj
f:\github\leetcode-cpp\leetcode\release\p076 minimum window substring.obj
f:\github\leetcode-cpp\leetcode\release\p075 sort colors.obj
f:\github\leetcode-cpp\leetcode\release\p074 search a 2d matrix.obj
f:\github\leetcode-cpp\leetcode\release\p073 set matrix zeroes.obj
f:\github\leetcode-cpp\leetcode\release\p072 edit distance.obj
f:\github\leetcode-cpp\leetcode\release\p071 simplify path.obj
f:\github\leetcode-cpp\leetcode\release\p070 climbing stairs.obj
f:\github\leetcode-cpp\leetcode\release\p069 sqrt(x).obj
f:\github\leetcode-cpp\leetcode\release\p108 convert sorted array to binary search tree.obj
f:\github\leetcode-cpp\leetcode\release\p107 binary tree level order traversal ii.obj
f:\github\leetcode-cpp\leetcode\release\p106 construct binary tree from inorder and postorder traversal.obj
f:\github\leetcode-cpp\leetcode\release\p105 construct binary tree from preorder and inorder traversal.obj
f:\github\leetcode-cpp\leetcode\release\p104 maximum depth of binary tree.obj
f:\github\leetcode-cpp\leetcode\release\p103 binary tree zigzag level order traversal.obj
f:\github\leetcode-cpp\leetcode\release\p102 binary tree level order traversal.obj
f:\github\leetcode-cpp\leetcode\release\p101 symmetric tree.obj
f:\github\leetcode-cpp\leetcode\release\p100 same tree.obj
f:\github\leetcode-cpp\leetcode\release\p099 recover binary search tree.obj
f:\github\leetcode-cpp\leetcode\release\p098 validate binary search tree.obj
f:\github\leetcode-cpp\leetcode\release\p097 interleaving string.obj
f:\github\leetcode-cpp\leetcode\release\p096 unique binary search trees.obj
f:\github\leetcode-cpp\leetcode\release\p095 unique binary search trees ii.obj
f:\github\leetcode-cpp\leetcode\release\p094 binary tree inorder traversal.obj
f:\github\leetcode-cpp\leetcode\release\p093 restore ip addresses.obj
f:\github\leetcode-cpp\leetcode\release\p092 reverse linked list ii.obj
f:\github\leetcode-cpp\leetcode\release\p091 decode ways.obj
f:\github\leetcode-cpp\leetcode\release\p090 subsets ii.obj
f:\github\leetcode-cpp\leetcode\release\p089 gray code.obj
f:\github\leetcode-cpp\leetcode\release\p136 single number.obj
f:\github\leetcode-cpp\leetcode\release\p130 surrounded regions.obj
f:\github\leetcode-cpp\leetcode\release\p129 sum root to leaf numbers.obj
f:\github\leetcode-cpp\leetcode\release\p128 longest consecutive sequence.obj
f:\github\leetcode-cpp\leetcode\release\p127 word ladder.obj
f:\github\leetcode-cpp\leetcode\release\p126 word ladder ii.obj
f:\github\leetcode-cpp\leetcode\release\p125 valid palindrome.obj
f:\github\leetcode-cpp\leetcode\release\p124 binary tree maximum path sum.obj
f:\github\leetcode-cpp\leetcode\release\p123 best time to buy and sell stock iii.obj
f:\github\leetcode-cpp\leetcode\release\p122 best time to buy and sell stock ii.obj
f:\github\leetcode-cpp\leetcode\release\p121 best time to buy and sell stock.obj
f:\github\leetcode-cpp\leetcode\release\p117 populating next right pointers in each node ii.obj
f:\github\leetcode-cpp\leetcode\release\p116 populating next right pointers in each node.obj
f:\github\leetcode-cpp\leetcode\release\p115 distinct subsequences.obj
f:\github\leetcode-cpp\leetcode\release\p114 flatten binary tree to linked list.obj
f:\github\leetcode-cpp\leetcode\release\p113 path sum ii.obj
f:\github\leetcode-cpp\leetcode\release\p112 path sum.obj
f:\github\leetcode-cpp\leetcode\release\p111 minimum depth of binary tree.obj
f:\github\leetcode-cpp\leetcode\release\p110 balanced binary tree.obj
f:\github\leetcode-cpp\leetcode\release\p109 convert sorted list to binary search tree.obj
f:\github\leetcode-cpp\leetcode\release\p223 rectangle area.obj
f:\github\leetcode-cpp\leetcode\release\p206 reverse linked list.obj
f:\github\leetcode-cpp\leetcode\release\p202 happy number.obj
f:\github\leetcode-cpp\leetcode\release\p191 number of 1 bits.obj
f:\github\leetcode-cpp\leetcode\release\p169 majority element.obj
f:\github\leetcode-cpp\leetcode\release\p056 merge intervals.obj
f:\github\leetcode-cpp\leetcode\release\p042 trapping rain water.obj
f:\github\leetcode-cpp\leetcode\release\p023 merge k sorted lists.obj
f:\github\leetcode-cpp\leetcode\release\p009 palindrome number.obj
f:\github\leetcode-cpp\leetcode\release\p008 string to integer (atoi).obj
f:\github\leetcode-cpp\leetcode\release\p007 reverse integer.obj
f:\github\leetcode-cpp\leetcode\release\p006 zigzag conversion.obj
f:\github\leetcode-cpp\leetcode\release\p005 longest palindromic substring.obj
f:\github\leetcode-cpp\leetcode\release\p004 median of two sorted arrays.obj
f:\github\leetcode-cpp\leetcode\release\p003 longest substring without repeating characters.obj
f:\github\leetcode-cpp\leetcode\release\p021 merge two sorted lists.obj
f:\github\leetcode-cpp\leetcode\release\p020 valid parentheses.obj
f:\github\leetcode-cpp\leetcode\release\p002 add two numbers.obj
f:\github\leetcode-cpp\leetcode\release\p019 remove nth node from end of list.obj
f:\github\leetcode-cpp\leetcode\release\p014 longest common prefix.obj
f:\github\leetcode-cpp\leetcode\release\test.obj
f:\github\leetcode-cpp\leetcode\release\p289 game of life.obj
f:\github\leetcode-cpp\leetcode\release\p264 ugly number ii.obj
f:\github\leetcode-cpp\leetcode\release\p263 ugly number.obj
f:\github\leetcode-cpp\leetcode\release\p239 sliding window maximum.obj
f:\github\leetcode-cpp\leetcode\release\p238 product of array except self.obj
f:\github\leetcode-cpp\leetcode\release\p236 lowest common ancestor of a binary tree.obj
f:\github\leetcode-cpp\leetcode\release\p235 lowest common ancestor of a binary search tree.obj
f:\github\leetcode-cpp\leetcode\release\p231 power of two.obj
d:\github\leetcode-cpp\release\leetcode.exe
d:\github\leetcode-cpp\release\leetcode.pdb
f:\github\leetcode-cpp\release\leetcode.exe
f:\github\leetcode-cpp\release\leetcode.ipdb
f:\github\leetcode-cpp\release\leetcode.iobj
f:\github\leetcode-cpp\release\leetcode.pdb
f:\github\leetcode-cpp\leetcode\release\p057.obj
f:\github\leetcode-cpp\leetcode\release\p56 merge intervals.obj
f:\github\leetcode-cpp\leetcode\release\vc120.pdb
f:\github\leetcode-cpp\leetcode\release\leetcode.tlog\cl.command.1.tlog
f:\github\leetcode-cpp\leetcode\release\leetcode.tlog\cl.read.1.tlog
f:\github\leetcode-cpp\leetcode\release\leetcode.tlog\cl.write.1.tlog
f:\github\leetcode-cpp\leetcode\release\leetcode.tlog\link.command.1.tlog
f:\github\leetcode-cpp\leetcode\release\leetcode.tlog\link.read.1.tlog
f:\github\leetcode-cpp\leetcode\release\leetcode.tlog\link.write.1.tlog
